*   Trying 192.81.242.130...
* TCP_NODELAY set
* Connected to 508223012e5a5ff19f30a391b2bdadc0.my.2k.com (192.81.242.130) port 443 (#0)
* ALPN, offering http/1.1
* Cipher selection: ALL:!EXPORT:!EXPORT40:!EXPORT56:!aNULL:!LOW:!RC4:@STRENGTH
* successfully set certificate verify locations:
*   CAfile: D:\SteamLibrary\steamapps\common\XCOM 2\XCom2-WarOfTheChosen\Binaries\Win64\..\..\XComGame\CTP\GameData\etc\ca-bundle.crt
  CApath: none
* SSL connection using TLSv1.2 / ECDHE-RSA-AES256-GCM-SHA384
* ALPN, server did not agree to a protocol
* Server certificate:
*  subject: C=US; ST=California; L=Novato; O=2K Games, Inc.; CN=*.my.2k.com
*  start date: Apr 20 00:00:00 2023 GMT
*  expire date: Apr 30 23:59:59 2024 GMT
*  subjectAltName: host "508223012e5a5ff19f30a391b2bdadc0.my.2k.com" matched cert's "*.my.2k.com"
*  issuer: C=US; O=DigiCert Inc; CN=DigiCert TLS RSA SHA256 2020 CA1
*  SSL certificate verify ok.
> GET /discovery/v1/services HTTP/1.1
Host: 508223012e5a5ff19f30a391b2bdadc0.my.2k.com
Accept: */*
Accept-Encoding: identity
Content-Type:application/json
User-Agent:2K CoreTech Client 2.0.6 (8c55d1a8487b542b23ebdde6954dafaa-469133)
Authorization:Application 8c55d1a8487b542b23ebdde6954dafaa

< HTTP/1.1 200 OK
< Date: Thu, 01 Jun 2023 06:35:58 GMT
< Content-Type: application/json
< Content-Length: 770
< Connection: keep-alive
< X-2k-Server-Time: 1685601357
< Cache-Control: max-age=3600
< ETag: 470693dc83008acbc8707333634d6b20
< X-2k-Result-Total: 3
< X-2k-Result-Count: 3
< X-2k-Result-More: false
< P3P: CP="See http://www.take2games.com/privacy"
< 
* Connection #0 to host 508223012e5a5ff19f30a391b2bdadc0.my.2k.com left intact
*   Trying 192.81.242.130...
* TCP_NODELAY set
* Connected to 798ce2d1755b23f16c6b1100d73fa464.my.2k.com (192.81.242.130) port 443 (#0)
* ALPN, offering http/1.1
* Cipher selection: ALL:!EXPORT:!EXPORT40:!EXPORT56:!aNULL:!LOW:!RC4:@STRENGTH
* successfully set certificate verify locations:
*   CAfile: D:\SteamLibrary\steamapps\common\XCOM 2\XCom2-WarOfTheChosen\Binaries\Win64\..\..\XComGame\CTP\GameData\etc\ca-bundle.crt
  CApath: none
* SSL connection using TLSv1.2 / ECDHE-RSA-AES256-GCM-SHA384
* ALPN, server did not agree to a protocol
* Server certificate:
*  subject: C=US; ST=California; L=Novato; O=2K Games, Inc.; CN=*.my.2k.com
*  start date: Apr 20 00:00:00 2023 GMT
*  expire date: Apr 30 23:59:59 2024 GMT
*  subjectAltName: host "798ce2d1755b23f16c6b1100d73fa464.my.2k.com" matched cert's "*.my.2k.com"
*  issuer: C=US; O=DigiCert Inc; CN=DigiCert TLS RSA SHA256 2020 CA1
*  SSL certificate verify ok.
> GET /telemetry/v2/configs?offset=0&limit=100 HTTP/1.1
Host: 798ce2d1755b23f16c6b1100d73fa464.my.2k.com
Accept: */*
Accept-Encoding: identity
Content-Type:application/json
User-Agent:2K CoreTech Client 2.0.6 (8c55d1a8487b542b23ebdde6954dafaa-469133)
Authorization:Application 8c55d1a8487b542b23ebdde6954dafaa

< HTTP/1.1 200 OK
< Date: Thu, 01 Jun 2023 06:35:58 GMT
< Content-Type: application/json
< Content-Length: 110
< Connection: keep-alive
< X-2k-Server-Time: 1685601358
< Cache-Control: max-age=3600
< ETag: f21d6b01e7a1c0df2581073f485166ac
< X-2k-Result-Total: 1
< X-2k-Result-Count: 1
< X-2k-Result-More: false
< P3P: CP="See http://www.take2games.com/privacy"
< 
* Connection #0 to host 798ce2d1755b23f16c6b1100d73fa464.my.2k.com left intact
*   Trying 192.81.242.130...
* TCP_NODELAY set
* Connected to 798ce2d1755b23f16c6b1100d73fa464.my.2k.com (192.81.242.130) port 443 (#0)
* ALPN, offering http/1.1
* Cipher selection: ALL:!EXPORT:!EXPORT40:!EXPORT56:!aNULL:!LOW:!RC4:@STRENGTH
* successfully set certificate verify locations:
*   CAfile: D:\SteamLibrary\steamapps\common\XCOM 2\XCom2-WarOfTheChosen\Binaries\Win64\..\..\XComGame\CTP\GameData\etc\ca-bundle.crt
  CApath: none
* SSL connection using TLSv1.2 / ECDHE-RSA-AES256-GCM-SHA384
* ALPN, server did not agree to a protocol
* Server certificate:
*  subject: C=US; ST=California; L=Novato; O=2K Games, Inc.; CN=*.my.2k.com
*  start date: Apr 20 00:00:00 2023 GMT
*  expire date: Apr 30 23:59:59 2024 GMT
*  subjectAltName: host "798ce2d1755b23f16c6b1100d73fa464.my.2k.com" matched cert's "*.my.2k.com"
*  issuer: C=US; O=DigiCert Inc; CN=DigiCert TLS RSA SHA256 2020 CA1
*  SSL certificate verify ok.
> GET /telemetry/v2/configs/e5e306d05b624d958db23bff26c66196 HTTP/1.1
Host: 798ce2d1755b23f16c6b1100d73fa464.my.2k.com
Accept: */*
Accept-Encoding: identity
Content-Type:application/json
User-Agent:2K CoreTech Client 2.0.6 (8c55d1a8487b542b23ebdde6954dafaa-469133)
Authorization:Application 8c55d1a8487b542b23ebdde6954dafaa

< HTTP/1.1 200 OK
< Date: Thu, 01 Jun 2023 06:35:58 GMT
< Content-Type: application/json
< Content-Length: 2679
< Connection: keep-alive
< X-2k-Server-Time: 1685601358
< Cache-Control: max-age=3600
< ETag: 7a700aceae96122085ad23b1a5a387e6
< P3P: CP="See http://www.take2games.com/privacy"
< 
* Connection #0 to host 798ce2d1755b23f16c6b1100d73fa464.my.2k.com left intact
*   Trying 192.81.242.130...
* TCP_NODELAY set
* Connected to 34acf0414d836d3f8d491c6186153694.my.2k.com (192.81.242.130) port 443 (#0)
* ALPN, offering http/1.1
* Cipher selection: ALL:!EXPORT:!EXPORT40:!EXPORT56:!aNULL:!LOW:!RC4:@STRENGTH
* successfully set certificate verify locations:
*   CAfile: D:\SteamLibrary\steamapps\common\XCOM 2\XCom2-WarOfTheChosen\Binaries\Win64\..\..\XComGame\CTP\GameData\etc\ca-bundle.crt
  CApath: none
* SSL connection using TLSv1.2 / ECDHE-RSA-AES256-GCM-SHA384
* ALPN, server did not agree to a protocol
* Server certificate:
*  subject: C=US; ST=California; L=Novato; O=2K Games, Inc.; CN=*.my.2k.com
*  start date: Apr 20 00:00:00 2023 GMT
*  expire date: Apr 30 23:59:59 2024 GMT
*  subjectAltName: host "34acf0414d836d3f8d491c6186153694.my.2k.com" matched cert's "*.my.2k.com"
*  issuer: C=US; O=DigiCert Inc; CN=DigiCert TLS RSA SHA256 2020 CA1
*  SSL certificate verify ok.
> POST /sso/v2.0/auth/tokens HTTP/1.1
Host: 34acf0414d836d3f8d491c6186153694.my.2k.com
Accept: */*
Accept-Encoding: identity
User-Agent:2K CoreTech Client 2.0.6 (8c55d1a8487b542b23ebdde6954dafaa-469133)
Authorization:Application 8c55d1a8487b542b23ebdde6954dafaa
Content-Length:548
Content-Type:application/json

* upload completely sent off: 548 out of 548 bytes
< HTTP/1.1 200 OK
< Expires: 0
< Cache-Control: no-cache, no-store, max-age=0, must-revalidate
< X-XSS-Protection: 1; mode=block
< Pragma: no-cache
< X-Frame-Options: DENY
< Date: Thu, 01 Jun 2023 06:37:29 GMT
< Connection: keep-alive
< X-Content-Type-Options: nosniff
< Content-Type: application/json
< Content-Length: 2091
< 
* Connection #0 to host 34acf0414d836d3f8d491c6186153694.my.2k.com left intact
*   Trying 192.81.242.130...
* TCP_NODELAY set
* Connected to 34acf0414d836d3f8d491c6186153694.my.2k.com (192.81.242.130) port 443 (#0)
* ALPN, offering http/1.1
* Cipher selection: ALL:!EXPORT:!EXPORT40:!EXPORT56:!aNULL:!LOW:!RC4:@STRENGTH
* successfully set certificate verify locations:
*   CAfile: D:\SteamLibrary\steamapps\common\XCOM 2\XCom2-WarOfTheChosen\Binaries\Win64\..\..\XComGame\CTP\GameData\etc\ca-bundle.crt
  CApath: none
* SSL connection using TLSv1.2 / ECDHE-RSA-AES256-GCM-SHA384
* ALPN, server did not agree to a protocol
* Server certificate:
*  subject: C=US; ST=California; L=Novato; O=2K Games, Inc.; CN=*.my.2k.com
*  start date: Apr 20 00:00:00 2023 GMT
*  expire date: Apr 30 23:59:59 2024 GMT
*  subjectAltName: host "34acf0414d836d3f8d491c6186153694.my.2k.com" matched cert's "*.my.2k.com"
*  issuer: C=US; O=DigiCert Inc; CN=DigiCert TLS RSA SHA256 2020 CA1
*  SSL certificate verify ok.
> POST /sso/v2.0/presence/heartbeats HTTP/1.1
Host: 34acf0414d836d3f8d491c6186153694.my.2k.com
Accept: */*
Accept-Encoding: identity
User-Agent:2K CoreTech Client 2.0.6 (8c55d1a8487b542b23ebdde6954dafaa-469133)
Authorization:Bearer eyJhbGciOiJIUzI1NiIsInR5cCI6IkpXVCJ9.eyJleHAiOjE2ODU2ODc4NDksImlhdCI6MTY4NTYwMTQ0OSwianRpIjoiZDljMmJlMzcxZmM0NDU5NWI4YTJlYWNlMDdmM2RiYTciLCJ0dHkiOjAsInBpZCI6ImQzYTM0MzVjNjY5ODQ1MzA5ODdlY2QzMjA2OGE3NzRlIiwiZ2lkIjoiZTgxZTE2NTY3YmQwMjM5M2I0YmUxZjcwN2NhNmEzY2MiLCJsb2MiOiJlbi1VUyIsImN0eSI6IkZvcnQgV2F5bmUiLCJjdHIiOiJVUyIsImxhdCI6NDEuMTM3MSwibG9uIjotODUuMDYzNywicnRpIjoiYzQxZDM0MWZmMzg0NDA0NWJhYWQwNDE3M2RiY2E5NmUiLCJyZXgiOjE2ODU2MDg2NDksImlzcyI6IjhjNTVkMWE4NDg3YjU0MmIyM2ViZGRlNjk1NGRhZmFhIiwic3ViIjoiODMzZDFkZGExNDJlZDZhY2FlZmM5YWUyYjk2ZDUzZTAiLCJhdHkiOjIsInBhaSI6IjU0ZTc5ZmIyYjQ2ZDJjOWQ4ZjY2YjY2ZjYyNmZkOWYzIiwib3R5IjozLCJhZ3AiOjYsInNpZCI6Ijk1OWRlMDhmZDY2NTQ3MzlhNzkxMjcwN2Y0MGE1M2EyIiwidmVyIjpmYWxzZSwiZnBpIjoiOXB0azRPeWN4cVMvaFRVVW1kekIydXhjMTNXN1pRRUFZa1l2a0YrZGlsVT0iLCJmcGEiOiJleXZGY0FOOG5rVklXWjkvdVFvY3h3PT0iLCJkb2IiOiJiZ1VlMnRUWDdZMUhUbDBMVUMwMDBBPT0iLCJkdHkiOjMsImFnYyI6MiwiYXBjIjo1fQ.iu046mLJovwRrkSvVXerX0ZkhPI-i2TOj5aaC8R-Q5M
Content-Length:0
Content-Type:application/json

< HTTP/1.1 201 Created
< Expires: 0
< Cache-Control: no-cache, no-store, max-age=0, must-revalidate
< X-XSS-Protection: 1; mode=block
< Pragma: no-cache
< X-Frame-Options: DENY
< Date: Thu, 01 Jun 2023 06:37:59 GMT
< Connection: keep-alive
< X-Content-Type-Options: nosniff
< Content-Length: 0
< 
* Connection #0 to host 34acf0414d836d3f8d491c6186153694.my.2k.com left intact
*   Trying 192.81.242.130...
* TCP_NODELAY set
* Connected to 34acf0414d836d3f8d491c6186153694.my.2k.com (192.81.242.130) port 443 (#0)
* ALPN, offering http/1.1
* Cipher selection: ALL:!EXPORT:!EXPORT40:!EXPORT56:!aNULL:!LOW:!RC4:@STRENGTH
* successfully set certificate verify locations:
*   CAfile: D:\SteamLibrary\steamapps\common\XCOM 2\XCom2-WarOfTheChosen\Binaries\Win64\..\..\XComGame\CTP\GameData\etc\ca-bundle.crt
  CApath: none
* SSL connection using TLSv1.2 / ECDHE-RSA-AES256-GCM-SHA384
* ALPN, server did not agree to a protocol
* Server certificate:
*  subject: C=US; ST=California; L=Novato; O=2K Games, Inc.; CN=*.my.2k.com
*  start date: Apr 20 00:00:00 2023 GMT
*  expire date: Apr 30 23:59:59 2024 GMT
*  subjectAltName: host "34acf0414d836d3f8d491c6186153694.my.2k.com" matched cert's "*.my.2k.com"
*  issuer: C=US; O=DigiCert Inc; CN=DigiCert TLS RSA SHA256 2020 CA1
*  SSL certificate verify ok.
> POST /sso/v2.0/presence/heartbeats HTTP/1.1
Host: 34acf0414d836d3f8d491c6186153694.my.2k.com
Accept: */*
Accept-Encoding: identity
User-Agent:2K CoreTech Client 2.0.6 (8c55d1a8487b542b23ebdde6954dafaa-469133)
Authorization:Bearer eyJhbGciOiJIUzI1NiIsInR5cCI6IkpXVCJ9.eyJleHAiOjE2ODU2ODc4NDksImlhdCI6MTY4NTYwMTQ0OSwianRpIjoiZDljMmJlMzcxZmM0NDU5NWI4YTJlYWNlMDdmM2RiYTciLCJ0dHkiOjAsInBpZCI6ImQzYTM0MzVjNjY5ODQ1MzA5ODdlY2QzMjA2OGE3NzRlIiwiZ2lkIjoiZTgxZTE2NTY3YmQwMjM5M2I0YmUxZjcwN2NhNmEzY2MiLCJsb2MiOiJlbi1VUyIsImN0eSI6IkZvcnQgV2F5bmUiLCJjdHIiOiJVUyIsImxhdCI6NDEuMTM3MSwibG9uIjotODUuMDYzNywicnRpIjoiYzQxZDM0MWZmMzg0NDA0NWJhYWQwNDE3M2RiY2E5NmUiLCJyZXgiOjE2ODU2MDg2NDksImlzcyI6IjhjNTVkMWE4NDg3YjU0MmIyM2ViZGRlNjk1NGRhZmFhIiwic3ViIjoiODMzZDFkZGExNDJlZDZhY2FlZmM5YWUyYjk2ZDUzZTAiLCJhdHkiOjIsInBhaSI6IjU0ZTc5ZmIyYjQ2ZDJjOWQ4ZjY2YjY2ZjYyNmZkOWYzIiwib3R5IjozLCJhZ3AiOjYsInNpZCI6Ijk1OWRlMDhmZDY2NTQ3MzlhNzkxMjcwN2Y0MGE1M2EyIiwidmVyIjpmYWxzZSwiZnBpIjoiOXB0azRPeWN4cVMvaFRVVW1kekIydXhjMTNXN1pRRUFZa1l2a0YrZGlsVT0iLCJmcGEiOiJleXZGY0FOOG5rVklXWjkvdVFvY3h3PT0iLCJkb2IiOiJiZ1VlMnRUWDdZMUhUbDBMVUMwMDBBPT0iLCJkdHkiOjMsImFnYyI6MiwiYXBjIjo1fQ.iu046mLJovwRrkSvVXerX0ZkhPI-i2TOj5aaC8R-Q5M
Content-Length:0
Content-Type:application/json

< HTTP/1.1 201 Created
< Expires: 0
< Cache-Control: no-cache, no-store, max-age=0, must-revalidate
< X-XSS-Protection: 1; mode=block
< Pragma: no-cache
< X-Frame-Options: DENY
< Date: Thu, 01 Jun 2023 06:38:29 GMT
< Connection: keep-alive
< X-Content-Type-Options: nosniff
< Content-Length: 0
< 
* Connection #0 to host 34acf0414d836d3f8d491c6186153694.my.2k.com left intact
*   Trying 192.81.242.130...
* TCP_NODELAY set
* Connected to 34acf0414d836d3f8d491c6186153694.my.2k.com (192.81.242.130) port 443 (#0)
* ALPN, offering http/1.1
* Cipher selection: ALL:!EXPORT:!EXPORT40:!EXPORT56:!aNULL:!LOW:!RC4:@STRENGTH
* successfully set certificate verify locations:
*   CAfile: D:\SteamLibrary\steamapps\common\XCOM 2\XCom2-WarOfTheChosen\Binaries\Win64\..\..\XComGame\CTP\GameData\etc\ca-bundle.crt
  CApath: none
* SSL connection using TLSv1.2 / ECDHE-RSA-AES256-GCM-SHA384
* ALPN, server did not agree to a protocol
* Server certificate:
*  subject: C=US; ST=California; L=Novato; O=2K Games, Inc.; CN=*.my.2k.com
*  start date: Apr 20 00:00:00 2023 GMT
*  expire date: Apr 30 23:59:59 2024 GMT
*  subjectAltName: host "34acf0414d836d3f8d491c6186153694.my.2k.com" matched cert's "*.my.2k.com"
*  issuer: C=US; O=DigiCert Inc; CN=DigiCert TLS RSA SHA256 2020 CA1
*  SSL certificate verify ok.
> POST /sso/v2.0/presence/heartbeats HTTP/1.1
Host: 34acf0414d836d3f8d491c6186153694.my.2k.com
Accept: */*
Accept-Encoding: identity
User-Agent:2K CoreTech Client 2.0.6 (8c55d1a8487b542b23ebdde6954dafaa-469133)
Authorization:Bearer eyJhbGciOiJIUzI1NiIsInR5cCI6IkpXVCJ9.eyJleHAiOjE2ODU2ODc4NDksImlhdCI6MTY4NTYwMTQ0OSwianRpIjoiZDljMmJlMzcxZmM0NDU5NWI4YTJlYWNlMDdmM2RiYTciLCJ0dHkiOjAsInBpZCI6ImQzYTM0MzVjNjY5ODQ1MzA5ODdlY2QzMjA2OGE3NzRlIiwiZ2lkIjoiZTgxZTE2NTY3YmQwMjM5M2I0YmUxZjcwN2NhNmEzY2MiLCJsb2MiOiJlbi1VUyIsImN0eSI6IkZvcnQgV2F5bmUiLCJjdHIiOiJVUyIsImxhdCI6NDEuMTM3MSwibG9uIjotODUuMDYzNywicnRpIjoiYzQxZDM0MWZmMzg0NDA0NWJhYWQwNDE3M2RiY2E5NmUiLCJyZXgiOjE2ODU2MDg2NDksImlzcyI6IjhjNTVkMWE4NDg3YjU0MmIyM2ViZGRlNjk1NGRhZmFhIiwic3ViIjoiODMzZDFkZGExNDJlZDZhY2FlZmM5YWUyYjk2ZDUzZTAiLCJhdHkiOjIsInBhaSI6IjU0ZTc5ZmIyYjQ2ZDJjOWQ4ZjY2YjY2ZjYyNmZkOWYzIiwib3R5IjozLCJhZ3AiOjYsInNpZCI6Ijk1OWRlMDhmZDY2NTQ3MzlhNzkxMjcwN2Y0MGE1M2EyIiwidmVyIjpmYWxzZSwiZnBpIjoiOXB0azRPeWN4cVMvaFRVVW1kekIydXhjMTNXN1pRRUFZa1l2a0YrZGlsVT0iLCJmcGEiOiJleXZGY0FOOG5rVklXWjkvdVFvY3h3PT0iLCJkb2IiOiJiZ1VlMnRUWDdZMUhUbDBMVUMwMDBBPT0iLCJkdHkiOjMsImFnYyI6MiwiYXBjIjo1fQ.iu046mLJovwRrkSvVXerX0ZkhPI-i2TOj5aaC8R-Q5M
Content-Length:0
Content-Type:application/json

< HTTP/1.1 201 Created
< Expires: 0
< Cache-Control: no-cache, no-store, max-age=0, must-revalidate
< X-XSS-Protection: 1; mode=block
< Pragma: no-cache
< X-Frame-Options: DENY
< Date: Thu, 01 Jun 2023 06:39:01 GMT
< Connection: keep-alive
< X-Content-Type-Options: nosniff
< Content-Length: 0
< 
* Connection #0 to host 34acf0414d836d3f8d491c6186153694.my.2k.com left intact
*   Trying 192.81.242.130...
* TCP_NODELAY set
* Connected to 34acf0414d836d3f8d491c6186153694.my.2k.com (192.81.242.130) port 443 (#0)
* ALPN, offering http/1.1
* Cipher selection: ALL:!EXPORT:!EXPORT40:!EXPORT56:!aNULL:!LOW:!RC4:@STRENGTH
* successfully set certificate verify locations:
*   CAfile: D:\SteamLibrary\steamapps\common\XCOM 2\XCom2-WarOfTheChosen\Binaries\Win64\..\..\XComGame\CTP\GameData\etc\ca-bundle.crt
  CApath: none
* SSL connection using TLSv1.2 / ECDHE-RSA-AES256-GCM-SHA384
* ALPN, server did not agree to a protocol
* Server certificate:
*  subject: C=US; ST=California; L=Novato; O=2K Games, Inc.; CN=*.my.2k.com
*  start date: Apr 20 00:00:00 2023 GMT
*  expire date: Apr 30 23:59:59 2024 GMT
*  subjectAltName: host "34acf0414d836d3f8d491c6186153694.my.2k.com" matched cert's "*.my.2k.com"
*  issuer: C=US; O=DigiCert Inc; CN=DigiCert TLS RSA SHA256 2020 CA1
*  SSL certificate verify ok.
> POST /sso/v2.0/presence/heartbeats HTTP/1.1
Host: 34acf0414d836d3f8d491c6186153694.my.2k.com
Accept: */*
Accept-Encoding: identity
User-Agent:2K CoreTech Client 2.0.6 (8c55d1a8487b542b23ebdde6954dafaa-469133)
Authorization:Bearer eyJhbGciOiJIUzI1NiIsInR5cCI6IkpXVCJ9.eyJleHAiOjE2ODU2ODc4NDksImlhdCI6MTY4NTYwMTQ0OSwianRpIjoiZDljMmJlMzcxZmM0NDU5NWI4YTJlYWNlMDdmM2RiYTciLCJ0dHkiOjAsInBpZCI6ImQzYTM0MzVjNjY5ODQ1MzA5ODdlY2QzMjA2OGE3NzRlIiwiZ2lkIjoiZTgxZTE2NTY3YmQwMjM5M2I0YmUxZjcwN2NhNmEzY2MiLCJsb2MiOiJlbi1VUyIsImN0eSI6IkZvcnQgV2F5bmUiLCJjdHIiOiJVUyIsImxhdCI6NDEuMTM3MSwibG9uIjotODUuMDYzNywicnRpIjoiYzQxZDM0MWZmMzg0NDA0NWJhYWQwNDE3M2RiY2E5NmUiLCJyZXgiOjE2ODU2MDg2NDksImlzcyI6IjhjNTVkMWE4NDg3YjU0MmIyM2ViZGRlNjk1NGRhZmFhIiwic3ViIjoiODMzZDFkZGExNDJlZDZhY2FlZmM5YWUyYjk2ZDUzZTAiLCJhdHkiOjIsInBhaSI6IjU0ZTc5ZmIyYjQ2ZDJjOWQ4ZjY2YjY2ZjYyNmZkOWYzIiwib3R5IjozLCJhZ3AiOjYsInNpZCI6Ijk1OWRlMDhmZDY2NTQ3MzlhNzkxMjcwN2Y0MGE1M2EyIiwidmVyIjpmYWxzZSwiZnBpIjoiOXB0azRPeWN4cVMvaFRVVW1kekIydXhjMTNXN1pRRUFZa1l2a0YrZGlsVT0iLCJmcGEiOiJleXZGY0FOOG5rVklXWjkvdVFvY3h3PT0iLCJkb2IiOiJiZ1VlMnRUWDdZMUhUbDBMVUMwMDBBPT0iLCJkdHkiOjMsImFnYyI6MiwiYXBjIjo1fQ.iu046mLJovwRrkSvVXerX0ZkhPI-i2TOj5aaC8R-Q5M
Content-Length:0
Content-Type:application/json

< HTTP/1.1 201 Created
< Expires: 0
< Cache-Control: no-cache, no-store, max-age=0, must-revalidate
< X-XSS-Protection: 1; mode=block
< Pragma: no-cache
< X-Frame-Options: DENY
< Date: Thu, 01 Jun 2023 06:39:29 GMT
< Connection: keep-alive
< X-Content-Type-Options: nosniff
< Content-Length: 0
< 
* Connection #0 to host 34acf0414d836d3f8d491c6186153694.my.2k.com left intact
*   Trying 192.81.242.130...
* TCP_NODELAY set
* Connected to 34acf0414d836d3f8d491c6186153694.my.2k.com (192.81.242.130) port 443 (#0)
* ALPN, offering http/1.1
* Cipher selection: ALL:!EXPORT:!EXPORT40:!EXPORT56:!aNULL:!LOW:!RC4:@STRENGTH
* successfully set certificate verify locations:
*   CAfile: D:\SteamLibrary\steamapps\common\XCOM 2\XCom2-WarOfTheChosen\Binaries\Win64\..\..\XComGame\CTP\GameData\etc\ca-bundle.crt
  CApath: none
* SSL connection using TLSv1.2 / ECDHE-RSA-AES256-GCM-SHA384
* ALPN, server did not agree to a protocol
* Server certificate:
*  subject: C=US; ST=California; L=Novato; O=2K Games, Inc.; CN=*.my.2k.com
*  start date: Apr 20 00:00:00 2023 GMT
*  expire date: Apr 30 23:59:59 2024 GMT
*  subjectAltName: host "34acf0414d836d3f8d491c6186153694.my.2k.com" matched cert's "*.my.2k.com"
*  issuer: C=US; O=DigiCert Inc; CN=DigiCert TLS RSA SHA256 2020 CA1
*  SSL certificate verify ok.
> POST /sso/v2.0/presence/heartbeats HTTP/1.1
Host: 34acf0414d836d3f8d491c6186153694.my.2k.com
Accept: */*
Accept-Encoding: identity
User-Agent:2K CoreTech Client 2.0.6 (8c55d1a8487b542b23ebdde6954dafaa-469133)
Authorization:Bearer eyJhbGciOiJIUzI1NiIsInR5cCI6IkpXVCJ9.eyJleHAiOjE2ODU2ODc4NDksImlhdCI6MTY4NTYwMTQ0OSwianRpIjoiZDljMmJlMzcxZmM0NDU5NWI4YTJlYWNlMDdmM2RiYTciLCJ0dHkiOjAsInBpZCI6ImQzYTM0MzVjNjY5ODQ1MzA5ODdlY2QzMjA2OGE3NzRlIiwiZ2lkIjoiZTgxZTE2NTY3YmQwMjM5M2I0YmUxZjcwN2NhNmEzY2MiLCJsb2MiOiJlbi1VUyIsImN0eSI6IkZvcnQgV2F5bmUiLCJjdHIiOiJVUyIsImxhdCI6NDEuMTM3MSwibG9uIjotODUuMDYzNywicnRpIjoiYzQxZDM0MWZmMzg0NDA0NWJhYWQwNDE3M2RiY2E5NmUiLCJyZXgiOjE2ODU2MDg2NDksImlzcyI6IjhjNTVkMWE4NDg3YjU0MmIyM2ViZGRlNjk1NGRhZmFhIiwic3ViIjoiODMzZDFkZGExNDJlZDZhY2FlZmM5YWUyYjk2ZDUzZTAiLCJhdHkiOjIsInBhaSI6IjU0ZTc5ZmIyYjQ2ZDJjOWQ4ZjY2YjY2ZjYyNmZkOWYzIiwib3R5IjozLCJhZ3AiOjYsInNpZCI6Ijk1OWRlMDhmZDY2NTQ3MzlhNzkxMjcwN2Y0MGE1M2EyIiwidmVyIjpmYWxzZSwiZnBpIjoiOXB0azRPeWN4cVMvaFRVVW1kekIydXhjMTNXN1pRRUFZa1l2a0YrZGlsVT0iLCJmcGEiOiJleXZGY0FOOG5rVklXWjkvdVFvY3h3PT0iLCJkb2IiOiJiZ1VlMnRUWDdZMUhUbDBMVUMwMDBBPT0iLCJkdHkiOjMsImFnYyI6MiwiYXBjIjo1fQ.iu046mLJovwRrkSvVXerX0ZkhPI-i2TOj5aaC8R-Q5M
Content-Length:0
Content-Type:application/json

< HTTP/1.1 201 Created
< Expires: 0
< Cache-Control: no-cache, no-store, max-age=0, must-revalidate
< X-XSS-Protection: 1; mode=block
< Pragma: no-cache
< X-Frame-Options: DENY
< Date: Thu, 01 Jun 2023 06:40:03 GMT
< Connection: keep-alive
< X-Content-Type-Options: nosniff
< Content-Length: 0
< 
* Connection #0 to host 34acf0414d836d3f8d491c6186153694.my.2k.com left intact
*   Trying 192.81.242.130...
* TCP_NODELAY set
* Connected to 34acf0414d836d3f8d491c6186153694.my.2k.com (192.81.242.130) port 443 (#0)
* ALPN, offering http/1.1
* Cipher selection: ALL:!EXPORT:!EXPORT40:!EXPORT56:!aNULL:!LOW:!RC4:@STRENGTH
* successfully set certificate verify locations:
*   CAfile: D:\SteamLibrary\steamapps\common\XCOM 2\XCom2-WarOfTheChosen\Binaries\Win64\..\..\XComGame\CTP\GameData\etc\ca-bundle.crt
  CApath: none
* SSL connection using TLSv1.2 / ECDHE-RSA-AES256-GCM-SHA384
* ALPN, server did not agree to a protocol
* Server certificate:
*  subject: C=US; ST=California; L=Novato; O=2K Games, Inc.; CN=*.my.2k.com
*  start date: Apr 20 00:00:00 2023 GMT
*  expire date: Apr 30 23:59:59 2024 GMT
*  subjectAltName: host "34acf0414d836d3f8d491c6186153694.my.2k.com" matched cert's "*.my.2k.com"
*  issuer: C=US; O=DigiCert Inc; CN=DigiCert TLS RSA SHA256 2020 CA1
*  SSL certificate verify ok.
> POST /sso/v2.0/presence/heartbeats HTTP/1.1
Host: 34acf0414d836d3f8d491c6186153694.my.2k.com
Accept: */*
Accept-Encoding: identity
User-Agent:2K CoreTech Client 2.0.6 (8c55d1a8487b542b23ebdde6954dafaa-469133)
Authorization:Bearer eyJhbGciOiJIUzI1NiIsInR5cCI6IkpXVCJ9.eyJleHAiOjE2ODU2ODc4NDksImlhdCI6MTY4NTYwMTQ0OSwianRpIjoiZDljMmJlMzcxZmM0NDU5NWI4YTJlYWNlMDdmM2RiYTciLCJ0dHkiOjAsInBpZCI6ImQzYTM0MzVjNjY5ODQ1MzA5ODdlY2QzMjA2OGE3NzRlIiwiZ2lkIjoiZTgxZTE2NTY3YmQwMjM5M2I0YmUxZjcwN2NhNmEzY2MiLCJsb2MiOiJlbi1VUyIsImN0eSI6IkZvcnQgV2F5bmUiLCJjdHIiOiJVUyIsImxhdCI6NDEuMTM3MSwibG9uIjotODUuMDYzNywicnRpIjoiYzQxZDM0MWZmMzg0NDA0NWJhYWQwNDE3M2RiY2E5NmUiLCJyZXgiOjE2ODU2MDg2NDksImlzcyI6IjhjNTVkMWE4NDg3YjU0MmIyM2ViZGRlNjk1NGRhZmFhIiwic3ViIjoiODMzZDFkZGExNDJlZDZhY2FlZmM5YWUyYjk2ZDUzZTAiLCJhdHkiOjIsInBhaSI6IjU0ZTc5ZmIyYjQ2ZDJjOWQ4ZjY2YjY2ZjYyNmZkOWYzIiwib3R5IjozLCJhZ3AiOjYsInNpZCI6Ijk1OWRlMDhmZDY2NTQ3MzlhNzkxMjcwN2Y0MGE1M2EyIiwidmVyIjpmYWxzZSwiZnBpIjoiOXB0azRPeWN4cVMvaFRVVW1kekIydXhjMTNXN1pRRUFZa1l2a0YrZGlsVT0iLCJmcGEiOiJleXZGY0FOOG5rVklXWjkvdVFvY3h3PT0iLCJkb2IiOiJiZ1VlMnRUWDdZMUhUbDBMVUMwMDBBPT0iLCJkdHkiOjMsImFnYyI6MiwiYXBjIjo1fQ.iu046mLJovwRrkSvVXerX0ZkhPI-i2TOj5aaC8R-Q5M
Content-Length:0
Content-Type:application/json

< HTTP/1.1 201 Created
< Expires: 0
< Cache-Control: no-cache, no-store, max-age=0, must-revalidate
< X-XSS-Protection: 1; mode=block
< Pragma: no-cache
< X-Frame-Options: DENY
< Date: Thu, 01 Jun 2023 06:40:33 GMT
< Connection: keep-alive
< X-Content-Type-Options: nosniff
< Content-Length: 0
< 
* Connection #0 to host 34acf0414d836d3f8d491c6186153694.my.2k.com left intact
*   Trying 192.81.242.130...
* TCP_NODELAY set
* Connected to 34acf0414d836d3f8d491c6186153694.my.2k.com (192.81.242.130) port 443 (#0)
* ALPN, offering http/1.1
* Cipher selection: ALL:!EXPORT:!EXPORT40:!EXPORT56:!aNULL:!LOW:!RC4:@STRENGTH
* successfully set certificate verify locations:
*   CAfile: D:\SteamLibrary\steamapps\common\XCOM 2\XCom2-WarOfTheChosen\Binaries\Win64\..\..\XComGame\CTP\GameData\etc\ca-bundle.crt
  CApath: none
* SSL connection using TLSv1.2 / ECDHE-RSA-AES256-GCM-SHA384
* ALPN, server did not agree to a protocol
* Server certificate:
*  subject: C=US; ST=California; L=Novato; O=2K Games, Inc.; CN=*.my.2k.com
*  start date: Apr 20 00:00:00 2023 GMT
*  expire date: Apr 30 23:59:59 2024 GMT
*  subjectAltName: host "34acf0414d836d3f8d491c6186153694.my.2k.com" matched cert's "*.my.2k.com"
*  issuer: C=US; O=DigiCert Inc; CN=DigiCert TLS RSA SHA256 2020 CA1
*  SSL certificate verify ok.
> POST /sso/v2.0/presence/heartbeats HTTP/1.1
Host: 34acf0414d836d3f8d491c6186153694.my.2k.com
Accept: */*
Accept-Encoding: identity
User-Agent:2K CoreTech Client 2.0.6 (8c55d1a8487b542b23ebdde6954dafaa-469133)
Authorization:Bearer eyJhbGciOiJIUzI1NiIsInR5cCI6IkpXVCJ9.eyJleHAiOjE2ODU2ODc4NDksImlhdCI6MTY4NTYwMTQ0OSwianRpIjoiZDljMmJlMzcxZmM0NDU5NWI4YTJlYWNlMDdmM2RiYTciLCJ0dHkiOjAsInBpZCI6ImQzYTM0MzVjNjY5ODQ1MzA5ODdlY2QzMjA2OGE3NzRlIiwiZ2lkIjoiZTgxZTE2NTY3YmQwMjM5M2I0YmUxZjcwN2NhNmEzY2MiLCJsb2MiOiJlbi1VUyIsImN0eSI6IkZvcnQgV2F5bmUiLCJjdHIiOiJVUyIsImxhdCI6NDEuMTM3MSwibG9uIjotODUuMDYzNywicnRpIjoiYzQxZDM0MWZmMzg0NDA0NWJhYWQwNDE3M2RiY2E5NmUiLCJyZXgiOjE2ODU2MDg2NDksImlzcyI6IjhjNTVkMWE4NDg3YjU0MmIyM2ViZGRlNjk1NGRhZmFhIiwic3ViIjoiODMzZDFkZGExNDJlZDZhY2FlZmM5YWUyYjk2ZDUzZTAiLCJhdHkiOjIsInBhaSI6IjU0ZTc5ZmIyYjQ2ZDJjOWQ4ZjY2YjY2ZjYyNmZkOWYzIiwib3R5IjozLCJhZ3AiOjYsInNpZCI6Ijk1OWRlMDhmZDY2NTQ3MzlhNzkxMjcwN2Y0MGE1M2EyIiwidmVyIjpmYWxzZSwiZnBpIjoiOXB0azRPeWN4cVMvaFRVVW1kekIydXhjMTNXN1pRRUFZa1l2a0YrZGlsVT0iLCJmcGEiOiJleXZGY0FOOG5rVklXWjkvdVFvY3h3PT0iLCJkb2IiOiJiZ1VlMnRUWDdZMUhUbDBMVUMwMDBBPT0iLCJkdHkiOjMsImFnYyI6MiwiYXBjIjo1fQ.iu046mLJovwRrkSvVXerX0ZkhPI-i2TOj5aaC8R-Q5M
Content-Length:0
Content-Type:application/json

< HTTP/1.1 201 Created
< Expires: 0
< Cache-Control: no-cache, no-store, max-age=0, must-revalidate
< X-XSS-Protection: 1; mode=block
< Pragma: no-cache
< X-Frame-Options: DENY
< Date: Thu, 01 Jun 2023 06:40:59 GMT
< Connection: keep-alive
< X-Content-Type-Options: nosniff
< Content-Length: 0
< 
* Connection #0 to host 34acf0414d836d3f8d491c6186153694.my.2k.com left intact
*   Trying 192.81.242.130...
* TCP_NODELAY set
* Connected to 34acf0414d836d3f8d491c6186153694.my.2k.com (192.81.242.130) port 443 (#0)
* ALPN, offering http/1.1
* Cipher selection: ALL:!EXPORT:!EXPORT40:!EXPORT56:!aNULL:!LOW:!RC4:@STRENGTH
* successfully set certificate verify locations:
*   CAfile: D:\SteamLibrary\steamapps\common\XCOM 2\XCom2-WarOfTheChosen\Binaries\Win64\..\..\XComGame\CTP\GameData\etc\ca-bundle.crt
  CApath: none
* SSL connection using TLSv1.2 / ECDHE-RSA-AES256-GCM-SHA384
* ALPN, server did not agree to a protocol
* Server certificate:
*  subject: C=US; ST=California; L=Novato; O=2K Games, Inc.; CN=*.my.2k.com
*  start date: Apr 20 00:00:00 2023 GMT
*  expire date: Apr 30 23:59:59 2024 GMT
*  subjectAltName: host "34acf0414d836d3f8d491c6186153694.my.2k.com" matched cert's "*.my.2k.com"
*  issuer: C=US; O=DigiCert Inc; CN=DigiCert TLS RSA SHA256 2020 CA1
*  SSL certificate verify ok.
> POST /sso/v2.0/presence/heartbeats HTTP/1.1
Host: 34acf0414d836d3f8d491c6186153694.my.2k.com
Accept: */*
Accept-Encoding: identity
User-Agent:2K CoreTech Client 2.0.6 (8c55d1a8487b542b23ebdde6954dafaa-469133)
Authorization:Bearer eyJhbGciOiJIUzI1NiIsInR5cCI6IkpXVCJ9.eyJleHAiOjE2ODU2ODc4NDksImlhdCI6MTY4NTYwMTQ0OSwianRpIjoiZDljMmJlMzcxZmM0NDU5NWI4YTJlYWNlMDdmM2RiYTciLCJ0dHkiOjAsInBpZCI6ImQzYTM0MzVjNjY5ODQ1MzA5ODdlY2QzMjA2OGE3NzRlIiwiZ2lkIjoiZTgxZTE2NTY3YmQwMjM5M2I0YmUxZjcwN2NhNmEzY2MiLCJsb2MiOiJlbi1VUyIsImN0eSI6IkZvcnQgV2F5bmUiLCJjdHIiOiJVUyIsImxhdCI6NDEuMTM3MSwibG9uIjotODUuMDYzNywicnRpIjoiYzQxZDM0MWZmMzg0NDA0NWJhYWQwNDE3M2RiY2E5NmUiLCJyZXgiOjE2ODU2MDg2NDksImlzcyI6IjhjNTVkMWE4NDg3YjU0MmIyM2ViZGRlNjk1NGRhZmFhIiwic3ViIjoiODMzZDFkZGExNDJlZDZhY2FlZmM5YWUyYjk2ZDUzZTAiLCJhdHkiOjIsInBhaSI6IjU0ZTc5ZmIyYjQ2ZDJjOWQ4ZjY2YjY2ZjYyNmZkOWYzIiwib3R5IjozLCJhZ3AiOjYsInNpZCI6Ijk1OWRlMDhmZDY2NTQ3MzlhNzkxMjcwN2Y0MGE1M2EyIiwidmVyIjpmYWxzZSwiZnBpIjoiOXB0azRPeWN4cVMvaFRVVW1kekIydXhjMTNXN1pRRUFZa1l2a0YrZGlsVT0iLCJmcGEiOiJleXZGY0FOOG5rVklXWjkvdVFvY3h3PT0iLCJkb2IiOiJiZ1VlMnRUWDdZMUhUbDBMVUMwMDBBPT0iLCJkdHkiOjMsImFnYyI6MiwiYXBjIjo1fQ.iu046mLJovwRrkSvVXerX0ZkhPI-i2TOj5aaC8R-Q5M
Content-Length:0
Content-Type:application/json

< HTTP/1.1 201 Created
< Expires: 0
< Cache-Control: no-cache, no-store, max-age=0, must-revalidate
< X-XSS-Protection: 1; mode=block
< Pragma: no-cache
< X-Frame-Options: DENY
< Date: Thu, 01 Jun 2023 06:41:29 GMT
< Connection: keep-alive
< X-Content-Type-Options: nosniff
< Content-Length: 0
< 
* Connection #0 to host 34acf0414d836d3f8d491c6186153694.my.2k.com left intact
*   Trying 192.81.242.130...
* TCP_NODELAY set
* Connected to 34acf0414d836d3f8d491c6186153694.my.2k.com (192.81.242.130) port 443 (#0)
* ALPN, offering http/1.1
* Cipher selection: ALL:!EXPORT:!EXPORT40:!EXPORT56:!aNULL:!LOW:!RC4:@STRENGTH
* successfully set certificate verify locations:
*   CAfile: D:\SteamLibrary\steamapps\common\XCOM 2\XCom2-WarOfTheChosen\Binaries\Win64\..\..\XComGame\CTP\GameData\etc\ca-bundle.crt
  CApath: none
* SSL connection using TLSv1.2 / ECDHE-RSA-AES256-GCM-SHA384
* ALPN, server did not agree to a protocol
* Server certificate:
*  subject: C=US; ST=California; L=Novato; O=2K Games, Inc.; CN=*.my.2k.com
*  start date: Apr 20 00:00:00 2023 GMT
*  expire date: Apr 30 23:59:59 2024 GMT
*  subjectAltName: host "34acf0414d836d3f8d491c6186153694.my.2k.com" matched cert's "*.my.2k.com"
*  issuer: C=US; O=DigiCert Inc; CN=DigiCert TLS RSA SHA256 2020 CA1
*  SSL certificate verify ok.
> POST /sso/v2.0/presence/heartbeats HTTP/1.1
Host: 34acf0414d836d3f8d491c6186153694.my.2k.com
Accept: */*
Accept-Encoding: identity
User-Agent:2K CoreTech Client 2.0.6 (8c55d1a8487b542b23ebdde6954dafaa-469133)
Authorization:Bearer eyJhbGciOiJIUzI1NiIsInR5cCI6IkpXVCJ9.eyJleHAiOjE2ODU2ODc4NDksImlhdCI6MTY4NTYwMTQ0OSwianRpIjoiZDljMmJlMzcxZmM0NDU5NWI4YTJlYWNlMDdmM2RiYTciLCJ0dHkiOjAsInBpZCI6ImQzYTM0MzVjNjY5ODQ1MzA5ODdlY2QzMjA2OGE3NzRlIiwiZ2lkIjoiZTgxZTE2NTY3YmQwMjM5M2I0YmUxZjcwN2NhNmEzY2MiLCJsb2MiOiJlbi1VUyIsImN0eSI6IkZvcnQgV2F5bmUiLCJjdHIiOiJVUyIsImxhdCI6NDEuMTM3MSwibG9uIjotODUuMDYzNywicnRpIjoiYzQxZDM0MWZmMzg0NDA0NWJhYWQwNDE3M2RiY2E5NmUiLCJyZXgiOjE2ODU2MDg2NDksImlzcyI6IjhjNTVkMWE4NDg3YjU0MmIyM2ViZGRlNjk1NGRhZmFhIiwic3ViIjoiODMzZDFkZGExNDJlZDZhY2FlZmM5YWUyYjk2ZDUzZTAiLCJhdHkiOjIsInBh